<?xml version="1.0" encoding="UTF-8"?>
<testsuite xmlns:xsi="http://www.w3.org/2001/XMLSchema-instance" xsi:noNamespaceSchemaLocation="https://maven.apache.org/surefire/maven-surefire-plugin/xsd/surefire-test-report-3.0.xsd" version="3.0" name="com.example.ta1.Ta1ApplicationTests" time="0.941" tests="1" errors="0" skipped="0" failures="0">
  <properties>
[...]
</properties>
  <testcase name="contextLoads" classname="com.example.ta1.Ta1ApplicationTests" time="0.35">
    <system-out><![CDATA[13:10:38.325 [main] INFO org.springframework.test.context.support.AnnotationConfigContextLoaderUtils -- Could not detect default configuration classes for test class [com.example.ta1.Ta1ApplicationTests]: Ta1ApplicationTests does not declare any static, non-private, non-final, nested classes annotated with @Configuration.
13:10:38.364 [main] INFO org.springframework.boot.test.context.SpringBootTestContextBootstrapper -- Found @SpringBootConfiguration com.example.ta1.Ta1Application for test class com.example.ta1.Ta1ApplicationTests

  .   ____          _            __ _ _
 /\\ / ___'_ __ _ _(_)_ __  __ _ \ \ \ \
( ( )\___ | '_ | '_| | '_ \/ _` | \ \ \ \
 \\/  ___)| |_)| | | | | || (_| |  ) ) ) )
  '  |____| .__|_| |_|_| |_\__, | / / / /
 =========|_|==============|___/=/_/_/_/

 :: Spring Boot ::                (v3.4.3)

2025-02-28T13:10:38.487+05:30  INFO 67616 --- [ta1] [           main] com.example.ta1.Ta1ApplicationTests      : Starting Ta1ApplicationTests using Java 23.0.2 with PID 67616 (started by swarit in /Users/swarit/Documents/work/DevOps/TA1/DevOps-TA1)
2025-02-28T13:10:38.487+05:30  INFO 67616 --- [ta1] [           main] com.example.ta1.Ta1ApplicationTests      : No active profile set, falling back to 1 default profile: "default"
2025-02-28T13:10:38.760+05:30  INFO 67616 --- [ta1] [           main] o.s.b.a.w.s.WelcomePageHandlerMapping    : Adding welcome page template: index
2025-02-28T13:10:38.848+05:30  INFO 67616 --- [ta1] [           main] com.example.ta1.Ta1ApplicationTests      : Started Ta1ApplicationTests in 0.441 seconds (process running for 0.773)
]]></system-out>
    <system-err><![CDATA[Mockito is currently self-attaching to enable the inline-mock-maker. This will no longer work in future releases of the JDK. Please add Mockito as an agent to your build what is described in Mockito's documentation: https://javadoc.io/doc/org.mockito/mockito-core/latest/org/mockito/Mockito.html#0.3
WARNING: A Java agent has been loaded dynamically (/Users/swarit/.m2/repository/net/bytebuddy/byte-buddy-agent/1.15.11/byte-buddy-agent-1.15.11.jar)
WARNING: If a serviceability tool is in use, please run with -XX:+EnableDynamicAgentLoading to hide this warning
WARNING: If a serviceability tool is not in use, please run with -Djdk.instrument.traceUsage for more information
WARNING: Dynamic loading of agents will be disallowed by default in a future release
]]></system-err>
  </testcase>
</testsuite>